[0m2021.08.11 16:20:40 INFO  Started: Metals version 0.10.1 in workspace '/home/delcin/Documents/beulah/vitasoft/task' for client coc.nvim 0.0.80.[0m
[0m2021.08.11 16:20:42 INFO  time: initialize in 1.57s[0m
[0m2021.08.11 16:20:42 WARN  Build server is not auto-connectable.[0m
[0m2021.08.11 16:20:48 INFO  running '/home/delcin/Documents/beulah/vitasoft/task/gradlew --console=plain --init-script /tmp/metals18222263444744524004/init-script.gradle bloopInstall'[0m
[0m2021.08.11 16:21:34 INFO  > Task :configureBloopInstall[0m
[0m2021.08.11 16:22:58 INFO  > Task :bloopInstall[0m
[0m2021.08.11 16:23:52 INFO  [0m
[0m2021.08.11 16:23:52 INFO  Deprecated Gradle features were used in this build, making it incompatible with Gradle 8.0.[0m
[0m2021.08.11 16:23:52 INFO  [0m
[0m2021.08.11 16:23:52 INFO  You can use '--warning-mode all' to show the individual deprecation warnings and determine if they come from your own scripts or plugins.[0m
[0m2021.08.11 16:23:52 INFO  [0m
[0m2021.08.11 16:23:52 INFO  See https://docs.gradle.org/7.1.1/userguide/command_line_interface.html#sec:command_line_warnings[0m
[0m2021.08.11 16:23:52 INFO  [0m
[0m2021.08.11 16:23:52 INFO  BUILD SUCCESSFUL in 3m 3s[0m
[0m2021.08.11 16:23:52 INFO  2 actionable tasks: 2 executed[0m
[0m2021.08.11 16:23:52 INFO  gradle bloopInstall exit: 0[0m
[0m2021.08.11 16:23:52 INFO  time: ran 'gradle bloopInstall' in 3m3s[0m
[0m2021.08.11 16:23:52 INFO  Attempting to connect to the build server...[0m
Starting the bsp launcher for bloop...
Opening a bsp server connection with 'bsp --protocol local --socket /tmp/bsp-launcher8047558375332209768/bsp.socket'...
Waiting for the bsp connection to come up...
Waiting for the bsp connection to come up...
Waiting for the bsp connection to come up...
No server running at 127.0.0.1:8212, let's fire one...
Resolving ch.epfl.scala:bloop-frontend_2.12:1.4.8...
Starting bloop server at 127.0.0.1:8212...
Attempting a connection to the server...
Attempting a connection to the server...
Attempting a connection to the server...
Attempting a connection to the server...
[0m[32m[D][0m Loading 2 projects from '/home/delcin/Documents/beulah/vitasoft/task/.bloop'...
[0m[32m[D][0m Loading project from '/home/delcin/Documents/beulah/vitasoft/task/.bloop/task.json'
[0m[32m[D][0m Loading project from '/home/delcin/Documents/beulah/vitasoft/task/.bloop/task-test.json'
[0m[32m[D][0m Missing analysis file for project 'task-test'
[0m[32m[D][0m Missing analysis file for project 'task'
[0m[32m[D][0m Waiting for a connection at local:///tmp/bsp-launcher8047558375332209768/bsp.socket...
The server is listening for incoming connections at local:///tmp/bsp-launcher8047558375332209768/bsp.socket...
Starting thread that pumps stdin and redirects it to the bsp server...
Starting thread that pumps server stdout and redirects it to the client stdout...
[0m2021.08.11 16:23:54 INFO  tracing is disabled for protocol BSP, to enable tracing of incoming and outgoing JSON messages create an empty file at /home/delcin/.cache/metals/bsp.trace.json[0m
[0m2021.08.11 16:23:54 INFO  time: Connected to build server in 3.02s[0m
[0m2021.08.11 16:23:54 INFO  Connected to Build server: Bloop v1.4.8[0m
[0m2021.08.11 16:23:56 WARN  Could not find java sources in None. Java symbols will not be available.[0m
[0m2021.08.11 16:23:56 INFO  time: indexed workspace in 1.01s[0m
No more data in the client stdin, exiting...
[0m2021.08.11 16:24:53 INFO  Started: Metals version 0.10.1 in workspace '/home/delcin/Documents/beulah/vitasoft/task' for client coc.nvim 0.0.80.[0m
[0m2021.08.11 16:24:55 INFO  time: initialize in 1.55s[0m
[0m2021.08.11 16:24:55 INFO  Attempting to connect to the build server...[0m
Starting the bsp launcher for bloop...
Opening a bsp server connection with 'bsp --protocol local --socket /tmp/bsp-launcher15375131588252856431/bsp.socket'...
Waiting for the bsp connection to come up...
[0m2021.08.11 16:24:55 INFO  skipping build import with status 'Installed'[0m
Waiting for the bsp connection to come up...
Waiting for the bsp connection to come up...
Waiting for the bsp connection to come up...
No server running at 127.0.0.1:8212, let's fire one...
Resolving ch.epfl.scala:bloop-frontend_2.12:1.4.8...
Starting bloop server at 127.0.0.1:8212...
Attempting a connection to the server...
Attempting a connection to the server...
Attempting a connection to the server...
Attempting a connection to the server...
[0m[32m[D][0m Loading workspace settings from bloop.settings.json
[0m[32m[D][0m Loading 2 projects from '/home/delcin/Documents/beulah/vitasoft/task/.bloop'...
[0m[32m[D][0m Loading project from '/home/delcin/Documents/beulah/vitasoft/task/.bloop/task-test.json'
[0m[32m[D][0m Loading project from '/home/delcin/Documents/beulah/vitasoft/task/.bloop/task.json'
[0m[32m[D][0m Missing analysis file for project 'task-test'
[0m[32m[D][0m Missing analysis file for project 'task'
[0m[32m[D][0m Waiting for a connection at local:///tmp/bsp-launcher15375131588252856431/bsp.socket...
The server is listening for incoming connections at local:///tmp/bsp-launcher15375131588252856431/bsp.socket...
Starting thread that pumps stdin and redirects it to the bsp server...
Starting thread that pumps server stdout and redirects it to the client stdout...
[0m2021.08.11 16:24:58 INFO  tracing is disabled for protocol BSP, to enable tracing of incoming and outgoing JSON messages create an empty file at /home/delcin/.cache/metals/bsp.trace.json[0m
[0m2021.08.11 16:24:58 INFO  time: Connected to build server in 3.54s[0m
[0m2021.08.11 16:24:58 INFO  Connected to Build server: Bloop v1.4.8[0m
[0m2021.08.11 16:24:59 INFO  time: Imported build in 0.11s[0m
[0m2021.08.11 16:24:59 WARN  Could not find java sources in None. Java symbols will not be available.[0m
[0m2021.08.11 16:24:59 INFO  time: indexed workspace in 0.97s[0m
No more data in the client stdin, exiting...
[0m2021.08.11 16:25:34 INFO  Started: Metals version 0.10.1 in workspace '/home/delcin/Documents/beulah/vitasoft/task' for client coc.nvim 0.0.80.[0m
[0m2021.08.11 16:25:36 INFO  time: initialize in 1.66s[0m
[0m2021.08.11 16:25:36 INFO  Attempting to connect to the build server...[0m
Starting the bsp launcher for bloop...
Opening a bsp server connection with 'bsp --protocol local --socket /tmp/bsp-launcher5964750541024137229/bsp.socket'...
Waiting for the bsp connection to come up...
[0m2021.08.11 16:25:36 INFO  skipping build import with status 'Installed'[0m
Waiting for the bsp connection to come up...
Waiting for the bsp connection to come up...
error: The command bsp --protocol local --socket /tmp/bsp-launcher5964750541024137229/bsp.socket returned with an error
> No server running at 127.0.0.1:8212, let's fire one...
> Resolving ch.epfl.scala:bloop-frontend_2.12:1.4.8...
> Starting bloop server at 127.0.0.1:8212...
> Attempting a connection to the server...
> Attempting a connection to the server...
> Attempting a connection to the server...
> Attempting a connection to the server...
> error: Unexpected error forces client exit!
> java.net.SocketException: Connection reset
> 	at java.base/java.net.SocketInputStream.read(SocketInputStream.java:186)
> 	at java.base/java.net.SocketInputStream.read(SocketInputStream.java:140)
> 	at java.base/java.net.SocketInputStream.read(SocketInputStream.java:200)
> 	at java.base/java.io.DataInputStream.readInt(DataInputStream.java:392)
> 	at bloop.shaded.snailgun.protocol.Protocol.$anonfun$processChunkFromServer$1(Protocol.scala:181)
> 	at scala.util.Try$.apply(Try.scala:213)
> 	at bloop.shaded.snailgun.protocol.Protocol.processChunkFromServer(Protocol.scala:180)
> 	at bloop.shaded.snailgun.protocol.Protocol.sendCommand(Protocol.scala:108)
> 	at bloop.shaded.snailgun.TcpClient.run(TcpClient.scala:34)
> 	at bloop.bloopgun.BloopgunCli.executeCmd$1(Bloopgun.scala:268)
> 	at bloop.bloopgun.BloopgunCli.fireCommand(Bloopgun.scala:286)
> 	at bloop.bloopgun.BloopgunCli.run(Bloopgun.scala:230)
> 	at bloop.launcher.bsp.BspBridge$$anon$1.run(BspBridge.scala:82)
error: Trying a tcp-based connection to the server instead...
Opening a bsp server connection with 'bsp --protocol tcp --port 44095'...
Waiting for the bsp connection to come up...
[0m2021.08.11 16:26:35 INFO  Started: Metals version 0.10.1 in workspace '/home/delcin/Documents/beulah/vitasoft/task' for client coc.nvim 0.0.80.[0m
[0m2021.08.11 16:26:36 INFO  time: initialize in 1.51s[0m
[0m2021.08.11 16:27:49 INFO  Started: Metals version 0.10.1 in workspace '/home/delcin/Documents/beulah/vitasoft/task' for client coc.nvim 0.0.80.[0m
[0m2021.08.11 16:27:51 INFO  time: initialize in 1.58s[0m
[0m2021.08.11 16:27:55 INFO  Attempting to connect to the build server...[0m
Starting the bsp launcher for bloop...
Opening a bsp server connection with 'bsp --protocol local --socket /tmp/bsp-launcher15545356228350541472/bsp.socket'...
Waiting for the bsp connection to come up...
[0m2021.08.11 16:27:55 INFO  skipping build import with status 'Installed'[0m
[0m[32m[D][0m Loading workspace settings from bloop.settings.json
[0m[32m[D][0m Waiting for a connection at local:///tmp/bsp-launcher15545356228350541472/bsp.socket...
The server is listening for incoming connections at local:///tmp/bsp-launcher15545356228350541472/bsp.socket...
Starting thread that pumps stdin and redirects it to the bsp server...
Starting thread that pumps server stdout and redirects it to the client stdout...
[0m2021.08.11 16:27:55 INFO  tracing is disabled for protocol BSP, to enable tracing of incoming and outgoing JSON messages create an empty file at /home/delcin/.cache/metals/bsp.trace.json[0m
[0m2021.08.11 16:27:55 INFO  time: Connected to build server in 0.7s[0m
[0m2021.08.11 16:27:55 INFO  Connected to Build server: Bloop v1.4.8[0m
[0m2021.08.11 16:27:56 INFO  time: Imported build in 0.14s[0m
[0m2021.08.11 16:27:57 WARN  Could not find java sources in None. Java symbols will not be available.[0m
[0m2021.08.11 16:27:57 INFO  time: indexed workspace in 1.31s[0m
[0m2021.08.11 16:28:10 INFO  compiling task (2 java sources)[0m
[0m2021.08.11 16:28:10 INFO  time: compiled task in 0.89s[0m
[0m2021.08.11 16:30:50 INFO  Shut down connection with build server.[0m
No more data in the client stdin, exiting...
No more data in the server stdin, exiting...
No more data in the server stdin, exiting...
[0m2021.08.11 16:31:01 INFO  Started: Metals version 0.10.1 in workspace '/home/delcin/Documents/beulah/vitasoft/task' for client coc.nvim 0.0.80.[0m
[0m2021.08.11 16:31:03 INFO  time: initialize in 1.55s[0m
[0m2021.08.11 16:31:07 INFO  Attempting to connect to the build server...[0m
Starting the bsp launcher for bloop...
Opening a bsp server connection with 'bsp --protocol local --socket /tmp/bsp-launcher5938810316852736720/bsp.socket'...
Waiting for the bsp connection to come up...
[0m2021.08.11 16:31:07 INFO  skipping build import with status 'Installed'[0m
[0m[32m[D][0m Loading workspace settings from bloop.settings.json
[0m[32m[D][0m Waiting for a connection at local:///tmp/bsp-launcher5938810316852736720/bsp.socket...
The server is listening for incoming connections at local:///tmp/bsp-launcher5938810316852736720/bsp.socket...
Starting thread that pumps stdin and redirects it to the bsp server...
Starting thread that pumps server stdout and redirects it to the client stdout...
[0m2021.08.11 16:31:07 INFO  tracing is disabled for protocol BSP, to enable tracing of incoming and outgoing JSON messages create an empty file at /home/delcin/.cache/metals/bsp.trace.json[0m
[0m2021.08.11 16:31:07 INFO  time: Connected to build server in 0.32s[0m
[0m2021.08.11 16:31:07 INFO  Connected to Build server: Bloop v1.4.8[0m
[0m2021.08.11 16:31:08 INFO  Shut down connection with build server.[0m
No more data in the server stdin, exiting...
No more data in the server stdin, exiting...
No more data in the client stdin, exiting...
[0m2021.08.11 16:31:09 WARN  Could not find java sources in None. Java symbols will not be available.[0m
[0m2021.08.11 16:31:09 INFO  time: indexed workspace in 1.64s[0m
[0m2021.08.11 16:32:12 INFO  Started: Metals version 0.10.1 in workspace '/home/delcin/Documents/beulah/vitasoft/task' for client coc.nvim 0.0.80.[0m
[0m2021.08.11 16:32:14 INFO  time: initialize in 1.61s[0m
[0m2021.08.11 16:32:18 INFO  Attempting to connect to the build server...[0m
Starting the bsp launcher for bloop...
Opening a bsp server connection with 'bsp --protocol local --socket /tmp/bsp-launcher15384452131723570203/bsp.socket'...
Waiting for the bsp connection to come up...
[0m2021.08.11 16:32:18 INFO  skipping build import with status 'Installed'[0m
[0m[32m[D][0m Loading workspace settings from bloop.settings.json
[0m[32m[D][0m Waiting for a connection at local:///tmp/bsp-launcher15384452131723570203/bsp.socket...
The server is listening for incoming connections at local:///tmp/bsp-launcher15384452131723570203/bsp.socket...
Starting thread that pumps stdin and redirects it to the bsp server...
Starting thread that pumps server stdout and redirects it to the client stdout...
[0m2021.08.11 16:32:18 INFO  tracing is disabled for protocol BSP, to enable tracing of incoming and outgoing JSON messages create an empty file at /home/delcin/.cache/metals/bsp.trace.json[0m
[0m2021.08.11 16:32:18 INFO  time: Connected to build server in 0.32s[0m
[0m2021.08.11 16:32:18 INFO  Connected to Build server: Bloop v1.4.8[0m
[0m2021.08.11 16:32:20 WARN  Could not find java sources in None. Java symbols will not be available.[0m
[0m2021.08.11 16:32:20 INFO  time: indexed workspace in 1.48s[0m
[0m2021.08.11 16:32:39 INFO  Shut down connection with build server.[0m
No more data in the server stdin, exiting...
No more data in the client stdin, exiting...
No more data in the server stdin, exiting...
[0m2021.08.11 16:36:56 INFO  Started: Metals version 0.10.1 in workspace '/home/delcin/Documents/beulah/vitasoft/task' for client coc.nvim 0.0.80.[0m
[0m2021.08.11 16:36:58 INFO  time: initialize in 1.62s[0m
[0m2021.08.11 16:36:58 INFO  Attempting to connect to the build server...[0m
Starting the bsp launcher for bloop...
Opening a bsp server connection with 'bsp --protocol local --socket /tmp/bsp-launcher13847447995423089612/bsp.socket'...
Waiting for the bsp connection to come up...
[0m2021.08.11 16:36:58 INFO  skipping build import with status 'Installed'[0m
[0m[32m[D][0m Loading workspace settings from bloop.settings.json
[0m[32m[D][0m Waiting for a connection at local:///tmp/bsp-launcher13847447995423089612/bsp.socket...
The server is listening for incoming connections at local:///tmp/bsp-launcher13847447995423089612/bsp.socket...
Starting thread that pumps stdin and redirects it to the bsp server...
Starting thread that pumps server stdout and redirects it to the client stdout...
[0m2021.08.11 16:36:58 INFO  tracing is disabled for protocol BSP, to enable tracing of incoming and outgoing JSON messages create an empty file at /home/delcin/.cache/metals/bsp.trace.json[0m
[0m2021.08.11 16:36:58 INFO  time: Connected to build server in 0.31s[0m
[0m2021.08.11 16:36:58 INFO  Connected to Build server: Bloop v1.4.8[0m
[0m2021.08.11 16:37:00 WARN  Could not find java sources in None. Java symbols will not be available.[0m
[0m2021.08.11 16:37:00 INFO  time: indexed workspace in 1.5s[0m
[0m2021.08.11 16:37:11 INFO  Shut down connection with build server.[0m
No more data in the client stdin, exiting...
No more data in the server stdin, exiting...
No more data in the server stdin, exiting...
[0m2021.08.11 16:54:00 INFO  Started: Metals version 0.10.1 in workspace '/home/delcin/Documents/beulah/vitasoft/task' for client coc.nvim 0.0.80.[0m
[0m2021.08.11 16:54:01 INFO  time: initialize in 1.52s[0m
[0m2021.08.11 16:54:02 INFO  Attempting to connect to the build server...[0m
Starting the bsp launcher for bloop...
Opening a bsp server connection with 'bsp --protocol local --socket /tmp/bsp-launcher17022166951891563326/bsp.socket'...
Waiting for the bsp connection to come up...
[0m[32m[D][0m Loading workspace settings from bloop.settings.json
[0m[32m[D][0m Waiting for a connection at local:///tmp/bsp-launcher17022166951891563326/bsp.socket...
The server is listening for incoming connections at local:///tmp/bsp-launcher17022166951891563326/bsp.socket...
Starting thread that pumps stdin and redirects it to the bsp server...
Starting thread that pumps server stdout and redirects it to the client stdout...
[0m2021.08.11 16:54:02 INFO  tracing is disabled for protocol BSP, to enable tracing of incoming and outgoing JSON messages create an empty file at /home/delcin/.cache/metals/bsp.trace.json[0m
[0m2021.08.11 16:54:02 INFO  time: Connected to build server in 0.31s[0m
[0m2021.08.11 16:54:02 INFO  Connected to Build server: Bloop v1.4.8[0m
[0m2021.08.11 16:54:04 WARN  Could not find java sources in None. Java symbols will not be available.[0m
[0m2021.08.11 16:54:04 INFO  time: indexed workspace in 1.42s[0m
[0m2021.08.11 16:54:25 INFO  Shut down connection with build server.[0m
No more data in the server stdin, exiting...
No more data in the client stdin, exiting...
No more data in the server stdin, exiting...
[0m2021.08.11 16:55:38 INFO  Started: Metals version 0.10.1 in workspace '/home/delcin/Documents/beulah/vitasoft/task' for client coc.nvim 0.0.80.[0m
[0m2021.08.11 16:56:38 INFO  Started: Metals version 0.10.1 in workspace '/home/delcin/Documents/beulah/vitasoft/task' for client coc.nvim 0.0.80.[0m
[0m2021.08.11 16:56:39 INFO  time: initialize in 1.54s[0m
[0m2021.08.11 16:56:43 INFO  Attempting to connect to the build server...[0m
Starting the bsp launcher for bloop...
Opening a bsp server connection with 'bsp --protocol local --socket /tmp/bsp-launcher7575722848404113352/bsp.socket'...
Waiting for the bsp connection to come up...
[0m[32m[D][0m Loading workspace settings from bloop.settings.json
[0m[32m[D][0m Waiting for a connection at local:///tmp/bsp-launcher7575722848404113352/bsp.socket...
The server is listening for incoming connections at local:///tmp/bsp-launcher7575722848404113352/bsp.socket...
Starting thread that pumps stdin and redirects it to the bsp server...
Starting thread that pumps server stdout and redirects it to the client stdout...
[0m2021.08.11 16:56:43 INFO  tracing is disabled for protocol BSP, to enable tracing of incoming and outgoing JSON messages create an empty file at /home/delcin/.cache/metals/bsp.trace.json[0m
[0m2021.08.11 16:56:43 INFO  time: Connected to build server in 0.31s[0m
[0m2021.08.11 16:56:43 INFO  Connected to Build server: Bloop v1.4.8[0m
[0m2021.08.11 16:56:45 WARN  Could not find java sources in None. Java symbols will not be available.[0m
[0m2021.08.11 16:56:45 INFO  time: indexed workspace in 1.48s[0m
[0m2021.08.11 16:57:02 INFO  Shut down connection with build server.[0m
No more data in the server stdin, exiting...
No more data in the server stdin, exiting...
No more data in the client stdin, exiting...
[0m2021.08.11 19:17:06 INFO  Started: Metals version 0.10.1 in workspace '/home/delcin/Documents/beulah/vitasoft/task' for client coc.nvim 0.0.80.[0m
[0m2021.08.11 19:17:08 INFO  time: initialize in 1.42s[0m
[0m2021.08.11 19:17:12 INFO  Attempting to connect to the build server...[0m
Starting the bsp launcher for bloop...
Opening a bsp server connection with 'bsp --protocol local --socket /tmp/bsp-launcher18064770887896764383/bsp.socket'...
Waiting for the bsp connection to come up...
[0m2021.08.11 19:17:12 INFO  skipping build import with status 'Requested'[0m
[0m[32m[D][0m Loading workspace settings from bloop.settings.json
[0m[32m[D][0m Waiting for a connection at local:///tmp/bsp-launcher18064770887896764383/bsp.socket...
The server is listening for incoming connections at local:///tmp/bsp-launcher18064770887896764383/bsp.socket...
Starting thread that pumps stdin and redirects it to the bsp server...
Starting thread that pumps server stdout and redirects it to the client stdout...
[0m2021.08.11 19:17:12 INFO  tracing is disabled for protocol BSP, to enable tracing of incoming and outgoing JSON messages create an empty file at /home/delcin/.cache/metals/bsp.trace.json[0m
[0m2021.08.11 19:17:12 INFO  time: Connected to build server in 0.32s[0m
[0m2021.08.11 19:17:12 INFO  Connected to Build server: Bloop v1.4.8[0m
[0m2021.08.11 19:17:13 WARN  Could not find java sources in None. Java symbols will not be available.[0m
[0m2021.08.11 19:17:13 INFO  time: indexed workspace in 1.32s[0m
[0m2021.08.11 19:27:52 INFO  Shut down connection with build server.[0m
No more data in the client stdin, exiting...
No more data in the server stdin, exiting...
No more data in the server stdin, exiting...
[0m2021.08.11 19:28:10 INFO  Started: Metals version 0.10.1 in workspace '/home/delcin/Documents/beulah/vitasoft/task' for client coc.nvim 0.0.80.[0m
[0m2021.08.11 19:28:12 INFO  time: initialize in 1.49s[0m
[0m2021.08.11 19:28:16 INFO  Attempting to connect to the build server...[0m
Starting the bsp launcher for bloop...
Opening a bsp server connection with 'bsp --protocol local --socket /tmp/bsp-launcher5285599581959523747/bsp.socket'...
Waiting for the bsp connection to come up...
[0m2021.08.11 19:28:16 INFO  skipping build import with status 'Requested'[0m
[0m[32m[D][0m Loading workspace settings from bloop.settings.json
[0m[32m[D][0m Waiting for a connection at local:///tmp/bsp-launcher5285599581959523747/bsp.socket...
The server is listening for incoming connections at local:///tmp/bsp-launcher5285599581959523747/bsp.socket...
Starting thread that pumps stdin and redirects it to the bsp server...
Starting thread that pumps server stdout and redirects it to the client stdout...
[0m2021.08.11 19:28:16 INFO  tracing is disabled for protocol BSP, to enable tracing of incoming and outgoing JSON messages create an empty file at /home/delcin/.cache/metals/bsp.trace.json[0m
[0m2021.08.11 19:28:16 INFO  time: Connected to build server in 0.3s[0m
[0m2021.08.11 19:28:16 INFO  Connected to Build server: Bloop v1.4.8[0m
[0m2021.08.11 19:28:17 WARN  Could not find java sources in None. Java symbols will not be available.[0m
[0m2021.08.11 19:28:17 INFO  time: indexed workspace in 1.35s[0m
[0m2021.08.11 19:34:31 INFO  compiling task (4 java sources)[0m
[0m2021.08.11 19:34:31 INFO  time: compiled task in 0.35s[0m
[0m2021.08.11 19:37:24 INFO  Started: Metals version 0.10.1 in workspace '/home/delcin/Documents/beulah/vitasoft/task' for client coc.nvim 0.0.80.[0m
[0m2021.08.11 19:37:26 INFO  time: initialize in 1.41s[0m
[0m2021.08.11 19:37:26 INFO  Attempting to connect to the build server...[0m
Starting the bsp launcher for bloop...
Opening a bsp server connection with 'bsp --protocol local --socket /tmp/bsp-launcher12307288474204181874/bsp.socket'...
Waiting for the bsp connection to come up...
[0m2021.08.11 19:37:26 INFO  skipping build import with status 'Requested'[0m
[0m[32m[D][0m Loading workspace settings from bloop.settings.json
[0m[32m[D][0m Waiting for a connection at local:///tmp/bsp-launcher12307288474204181874/bsp.socket...
The server is listening for incoming connections at local:///tmp/bsp-launcher12307288474204181874/bsp.socket...
Starting thread that pumps stdin and redirects it to the bsp server...
Starting thread that pumps server stdout and redirects it to the client stdout...
[0m2021.08.11 19:37:26 INFO  tracing is disabled for protocol BSP, to enable tracing of incoming and outgoing JSON messages create an empty file at /home/delcin/.cache/metals/bsp.trace.json[0m
[0m2021.08.11 19:37:26 INFO  time: Connected to build server in 0.24s[0m
[0m2021.08.11 19:37:26 INFO  Connected to Build server: Bloop v1.4.8[0m
[0m2021.08.11 19:37:28 WARN  Could not find java sources in None. Java symbols will not be available.[0m
[0m2021.08.11 19:37:28 INFO  time: indexed workspace in 1.52s[0m
[0m2021.08.11 19:38:06 INFO  Shut down connection with build server.[0m
No more data in the client stdin, exiting...
No more data in the server stdin, exiting...
No more data in the server stdin, exiting...
[0m2021.08.11 19:38:42 INFO  Started: Metals version 0.10.1 in workspace '/home/delcin/Documents/beulah/vitasoft/task' for client coc.nvim 0.0.80.[0m
[0m2021.08.11 19:38:43 INFO  time: initialize in 1.54s[0m
[0m2021.08.11 19:38:47 INFO  Attempting to connect to the build server...[0m
Starting the bsp launcher for bloop...
Opening a bsp server connection with 'bsp --protocol local --socket /tmp/bsp-launcher11293638493126927990/bsp.socket'...
Waiting for the bsp connection to come up...
[0m2021.08.11 19:38:47 INFO  skipping build import with status 'Requested'[0m
[0m[32m[D][0m Loading workspace settings from bloop.settings.json
[0m[32m[D][0m Waiting for a connection at local:///tmp/bsp-launcher11293638493126927990/bsp.socket...
The server is listening for incoming connections at local:///tmp/bsp-launcher11293638493126927990/bsp.socket...
Starting thread that pumps stdin and redirects it to the bsp server...
Starting thread that pumps server stdout and redirects it to the client stdout...
[0m2021.08.11 19:38:47 INFO  tracing is disabled for protocol BSP, to enable tracing of incoming and outgoing JSON messages create an empty file at /home/delcin/.cache/metals/bsp.trace.json[0m
[0m2021.08.11 19:38:47 INFO  time: Connected to build server in 0.25s[0m
[0m2021.08.11 19:38:47 INFO  Connected to Build server: Bloop v1.4.8[0m
[0m2021.08.11 19:38:49 WARN  Could not find java sources in None. Java symbols will not be available.[0m
[0m2021.08.11 19:38:49 INFO  time: indexed workspace in 1.43s[0m
[0m2021.08.11 19:39:26 INFO  Deduplicating compilation of task from bsp client 'Metals 0.10.1' (since 39.088s)[0m
[0m2021.08.11 19:39:26 INFO  compiling task (5 java sources)[0m
[0m2021.08.11 19:39:26 INFO  compiling task (5 java sources)[0m
[0m2021.08.11 19:39:26 INFO  time: compiled task in 0.35s[0m
[0m2021.08.11 19:39:26 INFO  time: compiled task in 0.34s[0m
[0m2021.08.11 19:39:37 INFO  Shut down connection with build server.[0m
No more data in the client stdin, exiting...
No more data in the server stdin, exiting...
No more data in the server stdin, exiting...
[0m2021.08.11 19:39:57 INFO  Started: Metals version 0.10.1 in workspace '/home/delcin/Documents/beulah/vitasoft/task' for client coc.nvim 0.0.80.[0m
[0m2021.08.11 19:40:59 INFO  Started: Metals version 0.10.1 in workspace '/home/delcin/Documents/beulah/vitasoft/task' for client coc.nvim 0.0.80.[0m
[0m2021.08.11 19:41:01 INFO  time: initialize in 1.57s[0m
[0m2021.08.11 19:41:01 INFO  Attempting to connect to the build server...[0m
Starting the bsp launcher for bloop...
Opening a bsp server connection with 'bsp --protocol local --socket /tmp/bsp-launcher16850259521375322269/bsp.socket'...
Waiting for the bsp connection to come up...
[0m2021.08.11 19:41:01 INFO  skipping build import with status 'Requested'[0m
[0m[32m[D][0m Loading workspace settings from bloop.settings.json
[0m[32m[D][0m Waiting for a connection at local:///tmp/bsp-launcher16850259521375322269/bsp.socket...
The server is listening for incoming connections at local:///tmp/bsp-launcher16850259521375322269/bsp.socket...
Starting thread that pumps stdin and redirects it to the bsp server...
Starting thread that pumps server stdout and redirects it to the client stdout...
[0m2021.08.11 19:41:01 INFO  tracing is disabled for protocol BSP, to enable tracing of incoming and outgoing JSON messages create an empty file at /home/delcin/.cache/metals/bsp.trace.json[0m
[0m2021.08.11 19:41:01 INFO  time: Connected to build server in 0.3s[0m
[0m2021.08.11 19:41:01 INFO  Connected to Build server: Bloop v1.4.8[0m
[0m2021.08.11 19:41:03 WARN  Could not find java sources in None. Java symbols will not be available.[0m
[0m2021.08.11 19:41:03 INFO  time: indexed workspace in 1.4s[0m
[0m2021.08.11 19:41:50 INFO  Started: Metals version 0.10.1 in workspace '/home/delcin/Documents/beulah/vitasoft/task' for client coc.nvim 0.0.80.[0m
[0m2021.08.11 19:41:51 INFO  time: initialize in 1.44s[0m
[0m2021.08.11 19:41:52 INFO  Attempting to connect to the build server...[0m
Starting the bsp launcher for bloop...
Opening a bsp server connection with 'bsp --protocol local --socket /tmp/bsp-launcher9784914743057452319/bsp.socket'...
Waiting for the bsp connection to come up...
[0m2021.08.11 19:41:52 INFO  skipping build import with status 'Requested'[0m
[0m[32m[D][0m Loading workspace settings from bloop.settings.json
[0m[32m[D][0m Waiting for a connection at local:///tmp/bsp-launcher9784914743057452319/bsp.socket...
The server is listening for incoming connections at local:///tmp/bsp-launcher9784914743057452319/bsp.socket...
Starting thread that pumps stdin and redirects it to the bsp server...
Starting thread that pumps server stdout and redirects it to the client stdout...
[0m2021.08.11 19:41:52 INFO  tracing is disabled for protocol BSP, to enable tracing of incoming and outgoing JSON messages create an empty file at /home/delcin/.cache/metals/bsp.trace.json[0m
[0m2021.08.11 19:41:52 INFO  time: Connected to build server in 0.27s[0m
[0m2021.08.11 19:41:52 INFO  Connected to Build server: Bloop v1.4.8[0m
[0m2021.08.11 19:41:53 WARN  Could not find java sources in None. Java symbols will not be available.[0m
[0m2021.08.11 19:41:53 INFO  time: indexed workspace in 1.42s[0m
[0m2021.08.11 19:43:55 INFO  Deduplicating compilation of task from bsp client 'Metals 0.10.1' (since 2m 2.721s)[0m
[0m2021.08.11 19:43:55 INFO  compiling task (5 java sources)[0m
[0m2021.08.11 19:43:55 INFO  compiling task (5 java sources)[0m
[0m2021.08.11 19:43:55 INFO  time: compiled task in 0.29s[0m
[0m2021.08.11 19:43:55 INFO  time: compiled task in 0.29s[0m
[0m2021.08.11 19:44:07 INFO  Deduplicating compilation of task from bsp client 'Metals 0.10.1' (since 3m 5.752s)[0m
[0m2021.08.11 19:44:07 INFO  compiling task (5 java sources)[0m
[0m2021.08.11 19:44:07 INFO  compiling task (5 java sources)[0m
[0m2021.08.11 19:44:07 INFO  time: compiled task in 0.16s[0m
[0m2021.08.11 19:44:07 INFO  time: compiled task in 0.16s[0m
[0m2021.08.11 19:45:30 INFO  Deduplicating compilation of task from bsp client 'Metals 0.10.1' (since 4m 29.064s)[0m
[0m2021.08.11 19:45:30 INFO  compiling task (5 java sources)[0m
[0m2021.08.11 19:45:30 INFO  compiling task (5 java sources)[0m
[0m2021.08.11 19:45:30 INFO  time: compiled task in 0.15s[0m
[0m2021.08.11 19:45:30 INFO  time: compiled task in 0.16s[0m
[0m2021.08.11 19:46:29 INFO  Deduplicating compilation of task from bsp client 'Metals 0.10.1' (since 4m 36.843s)[0m
[0m2021.08.11 19:46:29 INFO  compiling task (5 java sources)[0m
[0m2021.08.11 19:46:29 INFO  compiling task (5 java sources)[0m
[0m2021.08.11 19:46:29 [0m2021.08.11 19:46:29 INFO  time: compiled task in 0.16s[0m
INFO  time: compiled task in 0.16s[0m
No more data in the server stdin, exiting...
No more data in the server stdin, exiting...
[0m2021.08.11 19:46:59 INFO  Shut down connection with build server.[0m
No more data in the client stdin, exiting...
[0m2021.08.11 19:48:45 INFO  Started: Metals version 0.10.1 in workspace '/home/delcin/Documents/beulah/vitasoft/task' for client coc.nvim 0.0.80.[0m
[0m2021.08.11 19:48:47 INFO  time: initialize in 1.39s[0m
[0m2021.08.11 19:48:47 INFO  Attempting to connect to the build server...[0m
Starting the bsp launcher for bloop...
Opening a bsp server connection with 'bsp --protocol local --socket /tmp/bsp-launcher16654486161747647230/bsp.socket'...
Waiting for the bsp connection to come up...
[0m2021.08.11 19:48:47 INFO  skipping build import with status 'Requested'[0m
[0m[32m[D][0m Loading workspace settings from bloop.settings.json
[0m[32m[D][0m Waiting for a connection at local:///tmp/bsp-launcher16654486161747647230/bsp.socket...
The server is listening for incoming connections at local:///tmp/bsp-launcher16654486161747647230/bsp.socket...
Starting thread that pumps stdin and redirects it to the bsp server...
Starting thread that pumps server stdout and redirects it to the client stdout...
[0m2021.08.11 19:48:47 INFO  tracing is disabled for protocol BSP, to enable tracing of incoming and outgoing JSON messages create an empty file at /home/delcin/.cache/metals/bsp.trace.json[0m
[0m2021.08.11 19:48:47 INFO  time: Connected to build server in 0.27s[0m
[0m2021.08.11 19:48:47 INFO  Connected to Build server: Bloop v1.4.8[0m
[0m2021.08.11 19:48:49 WARN  Could not find java sources in None. Java symbols will not be available.[0m
[0m2021.08.11 19:48:49 INFO  time: indexed workspace in 1.35s[0m
[0m2021.08.11 19:48:50 INFO  Shut down connection with build server.[0m
No more data in the client stdin, exiting...
No more data in the server stdin, exiting...
No more data in the server stdin, exiting...
[0m2021.08.11 19:48:50 INFO  compiling task (4 java sources)[0m
[0m2021.08.11 19:48:50 INFO  time: compiled task in 0.13s[0m
[0m2021.08.11 19:49:38 INFO  Started: Metals version 0.10.1 in workspace '/home/delcin/Documents/beulah/vitasoft/task' for client coc.nvim 0.0.80.[0m
[0m2021.08.11 19:49:39 INFO  time: initialize in 1.4s[0m
[0m2021.08.11 19:49:39 INFO  Attempting to connect to the build server...[0m
Starting the bsp launcher for bloop...
Opening a bsp server connection with 'bsp --protocol local --socket /tmp/bsp-launcher7203027361205913179/bsp.socket'...
Waiting for the bsp connection to come up...
[0m2021.08.11 19:49:39 INFO  skipping build import with status 'Requested'[0m
[0m[32m[D][0m Loading workspace settings from bloop.settings.json
[0m[32m[D][0m Waiting for a connection at local:///tmp/bsp-launcher7203027361205913179/bsp.socket...
The server is listening for incoming connections at local:///tmp/bsp-launcher7203027361205913179/bsp.socket...
Starting thread that pumps stdin and redirects it to the bsp server...
Starting thread that pumps server stdout and redirects it to the client stdout...
[0m2021.08.11 19:49:39 INFO  tracing is disabled for protocol BSP, to enable tracing of incoming and outgoing JSON messages create an empty file at /home/delcin/.cache/metals/bsp.trace.json[0m
[0m2021.08.11 19:49:39 INFO  time: Connected to build server in 0.26s[0m
[0m2021.08.11 19:49:39 INFO  Connected to Build server: Bloop v1.4.8[0m
[0m2021.08.11 19:49:41 WARN  Could not find java sources in None. Java symbols will not be available.[0m
[0m2021.08.11 19:49:41 INFO  time: indexed workspace in 1.38s[0m
No more data in the server stdin, exiting...
No more data in the server stdin, exiting...
[0m2021.08.11 19:49:42 INFO  compiling task (4 java sources)[0m
[0m2021.08.11 19:49:42 INFO  Shut down connection with build server.[0m
No more data in the client stdin, exiting...
[0m2021.08.11 19:49:42 INFO  time: compiled task in 0.13s[0m
[0m2021.08.11 19:49:55 INFO  Started: Metals version 0.10.1 in workspace '/home/delcin/Documents/beulah/vitasoft/task' for client coc.nvim 0.0.80.[0m
[0m2021.08.11 19:49:56 INFO  time: initialize in 1.44s[0m
[0m2021.08.11 19:49:57 INFO  Attempting to connect to the build server...[0m
Starting the bsp launcher for bloop...
Opening a bsp server connection with 'bsp --protocol local --socket /tmp/bsp-launcher4807770189720826886/bsp.socket'...
Waiting for the bsp connection to come up...
[0m2021.08.11 19:49:57 INFO  skipping build import with status 'Requested'[0m
[0m[32m[D][0m Loading workspace settings from bloop.settings.json
[0m[32m[D][0m Waiting for a connection at local:///tmp/bsp-launcher4807770189720826886/bsp.socket...
The server is listening for incoming connections at local:///tmp/bsp-launcher4807770189720826886/bsp.socket...
Starting thread that pumps stdin and redirects it to the bsp server...
Starting thread that pumps server stdout and redirects it to the client stdout...
[0m2021.08.11 19:49:57 INFO  tracing is disabled for protocol BSP, to enable tracing of incoming and outgoing JSON messages create an empty file at /home/delcin/.cache/metals/bsp.trace.json[0m
[0m2021.08.11 19:49:57 INFO  time: Connected to build server in 0.27s[0m
[0m2021.08.11 19:49:57 INFO  Connected to Build server: Bloop v1.4.8[0m
[0m2021.08.11 19:49:58 WARN  Could not find java sources in None. Java symbols will not be available.[0m
[0m2021.08.11 19:49:58 INFO  time: indexed workspace in 1.45s[0m
[0m2021.08.11 19:50:01 INFO  Shut down connection with build server.[0m
No more data in the client stdin, exiting...
No more data in the server stdin, exiting...
No more data in the server stdin, exiting...
[0m2021.08.11 19:50:01 INFO  compiling task (4 java sources)[0m
[0m2021.08.11 19:50:01 INFO  time: compiled task in 0.11s[0m
[0m2021.08.11 21:28:23 INFO  Started: Metals version 0.10.1 in workspace '/home/delcin/Documents/beulah/vitasoft/task' for client coc.nvim 0.0.80.[0m
[0m2021.08.11 21:28:25 INFO  time: initialize in 1.72s[0m
[0m2021.08.11 21:28:25 INFO  Attempting to connect to the build server...[0m
Starting the bsp launcher for bloop...
Opening a bsp server connection with 'bsp --protocol local --socket /tmp/bsp-launcher14932377085020814173/bsp.socket'...
Waiting for the bsp connection to come up...
[0m2021.08.11 21:28:25 INFO  skipping build import with status 'Requested'[0m
Waiting for the bsp connection to come up...
Waiting for the bsp connection to come up...
Waiting for the bsp connection to come up...
No server running at 127.0.0.1:8212, let's fire one...
Resolving ch.epfl.scala:bloop-frontend_2.12:1.4.8...
Starting bloop server at 127.0.0.1:8212...
Attempting a connection to the server...
Attempting a connection to the server...
Attempting a connection to the server...
Attempting a connection to the server...
Attempting a connection to the server...
[0m[32m[D][0m Loading workspace settings from bloop.settings.json
[0m[32m[D][0m Loading 2 projects from '/home/delcin/Documents/beulah/vitasoft/task/.bloop'...
[0m[32m[D][0m Loading project from '/home/delcin/Documents/beulah/vitasoft/task/.bloop/task.json'
[0m[32m[D][0m Loading project from '/home/delcin/Documents/beulah/vitasoft/task/.bloop/task-test.json'
[0m[32m[D][0m Missing analysis file for project 'task-test'
[0m[32m[D][0m Missing analysis file for project 'task'
[0m[32m[D][0m Waiting for a connection at local:///tmp/bsp-launcher14932377085020814173/bsp.socket...
The server is listening for incoming connections at local:///tmp/bsp-launcher14932377085020814173/bsp.socket...
Starting thread that pumps stdin and redirects it to the bsp server...
Starting thread that pumps server stdout and redirects it to the client stdout...
[0m2021.08.11 21:28:29 INFO  tracing is disabled for protocol BSP, to enable tracing of incoming and outgoing JSON messages create an empty file at /home/delcin/.cache/metals/bsp.trace.json[0m
[0m2021.08.11 21:28:29 INFO  time: Connected to build server in 3.7s[0m
[0m2021.08.11 21:28:29 INFO  Connected to Build server: Bloop v1.4.8[0m
[0m2021.08.11 21:28:29 INFO  time: Imported build in 0.13s[0m
[0m2021.08.11 21:28:29 WARN  Could not find java sources in None. Java symbols will not be available.[0m
[0m2021.08.11 21:28:29 INFO  time: indexed workspace in 1s[0m
[0m2021.08.11 21:31:10 INFO  compiling task (4 java sources)[0m
[0m2021.08.11 21:31:10 INFO  time: compiled task in 0.92s[0m
No more data in the client stdin, exiting...
[0m2021.08.11 21:35:24 INFO  Started: Metals version 0.10.1 in workspace '/home/delcin/Documents/beulah/vitasoft/task' for client coc.nvim 0.0.80.[0m
[0m2021.08.11 21:35:25 INFO  time: initialize in 1.59s[0m
[0m2021.08.11 21:35:41 INFO  Started: Metals version 0.10.1 in workspace '/home/delcin/Documents/beulah/vitasoft/task' for client coc.nvim 0.0.80.[0m
[0m2021.08.11 21:35:43 INFO  time: initialize in 1.49s[0m
[0m2021.08.11 21:35:43 INFO  Attempting to connect to the build server...[0m
Starting the bsp launcher for bloop...
Opening a bsp server connection with 'bsp --protocol local --socket /tmp/bsp-launcher5394086621528990744/bsp.socket'...
Waiting for the bsp connection to come up...
[0m2021.08.11 21:35:43 INFO  skipping build import with status 'Requested'[0m
Waiting for the bsp connection to come up...
Waiting for the bsp connection to come up...
No server running at 127.0.0.1:8212, let's fire one...
Resolving ch.epfl.scala:bloop-frontend_2.12:1.4.8...
Starting bloop server at 127.0.0.1:8212...
Attempting a connection to the server...
Attempting a connection to the server...
Attempting a connection to the server...
Attempting a connection to the server...
[0m[32m[D][0m Loading workspace settings from bloop.settings.json
[0m[32m[D][0m Loading 2 projects from '/home/delcin/Documents/beulah/vitasoft/task/.bloop'...
[0m[32m[D][0m Loading project from '/home/delcin/Documents/beulah/vitasoft/task/.bloop/task.json'
[0m[32m[D][0m Loading project from '/home/delcin/Documents/beulah/vitasoft/task/.bloop/task-test.json'
[0m[32m[D][0m Missing analysis file for project 'task-test'
[0m[32m[D][0m Missing analysis file for project 'task'
[0m[32m[D][0m Waiting for a connection at local:///tmp/bsp-launcher5394086621528990744/bsp.socket...
The server is listening for incoming connections at local:///tmp/bsp-launcher5394086621528990744/bsp.socket...
Starting thread that pumps stdin and redirects it to the bsp server...
Starting thread that pumps server stdout and redirects it to the client stdout...
[0m2021.08.11 21:35:46 INFO  tracing is disabled for protocol BSP, to enable tracing of incoming and outgoing JSON messages create an empty file at /home/delcin/.cache/metals/bsp.trace.json[0m
[0m2021.08.11 21:35:46 INFO  time: Connected to build server in 3.29s[0m
[0m2021.08.11 21:35:46 INFO  Connected to Build server: Bloop v1.4.8[0m
[0m2021.08.11 21:35:47 WARN  Could not find java sources in None. Java symbols will not be available.[0m
[0m2021.08.11 21:35:47 INFO  time: indexed workspace in 0.93s[0m
No more data in the client stdin, exiting...
[0m2021.08.11 21:39:15 INFO  Started: Metals version 0.10.1 in workspace '/home/delcin/Documents/beulah/vitasoft/task' for client coc.nvim 0.0.80.[0m
[0m2021.08.11 21:39:17 INFO  time: initialize in 1.51s[0m
[0m2021.08.11 21:39:17 INFO  Attempting to connect to the build server...[0m
Starting the bsp launcher for bloop...
Opening a bsp server connection with 'bsp --protocol local --socket /tmp/bsp-launcher7285818155864144117/bsp.socket'...
Waiting for the bsp connection to come up...
[0m2021.08.11 21:39:17 INFO  skipping build import with status 'Requested'[0m
[0m2021.08.11 21:40:30 INFO  Started: Metals version 0.10.1 in workspace '/home/delcin/Documents/beulah/vitasoft/task' for client coc.nvim 0.0.80.[0m
[0m2021.08.11 21:40:31 INFO  time: initialize in 1.45s[0m
[0m2021.08.11 21:40:32 INFO  Attempting to connect to the build server...[0m
Starting the bsp launcher for bloop...
Opening a bsp server connection with 'bsp --protocol local --socket /tmp/bsp-launcher16111999535467644356/bsp.socket'...
Waiting for the bsp connection to come up...
[0m2021.08.11 21:40:31 INFO  skipping build import with status 'Requested'[0m
Waiting for the bsp connection to come up...
Waiting for the bsp connection to come up...
No server running at 127.0.0.1:8212, let's fire one...
Resolving ch.epfl.scala:bloop-frontend_2.12:1.4.8...
Starting bloop server at 127.0.0.1:8212...
Attempting a connection to the server...
Attempting a connection to the server...
Attempting a connection to the server...
Attempting a connection to the server...
[0m[32m[D][0m Loading workspace settings from bloop.settings.json
[0m[32m[D][0m Loading 2 projects from '/home/delcin/Documents/beulah/vitasoft/task/.bloop'...
[0m[32m[D][0m Loading project from '/home/delcin/Documents/beulah/vitasoft/task/.bloop/task-test.json'
[0m[32m[D][0m Loading project from '/home/delcin/Documents/beulah/vitasoft/task/.bloop/task.json'
[0m[32m[D][0m Missing analysis file for project 'task'
[0m[32m[D][0m Missing analysis file for project 'task-test'
[0m[32m[D][0m Waiting for a connection at local:///tmp/bsp-launcher16111999535467644356/bsp.socket...
The server is listening for incoming connections at local:///tmp/bsp-launcher16111999535467644356/bsp.socket...
Starting thread that pumps stdin and redirects it to the bsp server...
Starting thread that pumps server stdout and redirects it to the client stdout...
[0m2021.08.11 21:40:35 INFO  tracing is disabled for protocol BSP, to enable tracing of incoming and outgoing JSON messages create an empty file at /home/delcin/.cache/metals/bsp.trace.json[0m
[0m2021.08.11 21:40:35 INFO  time: Connected to build server in 3.27s[0m
[0m2021.08.11 21:40:35 INFO  Connected to Build server: Bloop v1.4.8[0m
[0m2021.08.11 21:40:35 INFO  time: Imported build in 0.1s[0m
[0m2021.08.11 21:40:35 WARN  Could not find java sources in None. Java symbols will not be available.[0m
[0m2021.08.11 21:40:35 INFO  time: indexed workspace in 0.99s[0m
No more data in the client stdin, exiting...
